SF:lib\core\di\accessibility\accessibility_service.dart
DA:9,1
DA:11,0
DA:12,0
DA:14,0
DA:15,0
DA:18,0
DA:19,0
DA:22,1
DA:24,1
DA:25,1
DA:28,2
DA:30,0
LF:12
LH:5
end_of_record
SF:lib\core\utils\app_data_path.dart
DA:8,7
DA:10,7
DA:11,16
DA:12,4
DA:13,1
DA:17,2
DA:18,0
DA:19,0
DA:20,0
DA:26,7
DA:27,7
DA:28,8
DA:29,16
DA:31,4
DA:32,4
DA:33,0
LF:16
LH:12
end_of_record
SF:lib\core\error\error_logger.dart
DA:6,2
DA:13,2
DA:15,2
DA:16,1
DA:17,0
DA:18,0
DA:19,0
DA:23,1
DA:24,2
DA:31,2
DA:32,2
DA:34,2
LF:12
LH:9
end_of_record
SF:lib\core\error\failures.dart
DA:5,3
DA:7,0
DA:8,0
DA:12,6
DA:16,2
DA:20,2
DA:24,2
LF:7
LH:5
end_of_record
SF:lib\core\feature_flags\feature_flag_service.dart
DA:9,0
DA:10,0
DA:11,0
DA:12,0
DA:15,1
DA:16,2
DA:19,0
DA:20,0
DA:21,0
DA:22,0
DA:27,0
DA:29,0
DA:30,0
DA:32,0
DA:33,0
DA:34,0
DA:35,0
DA:39,0
DA:41,0
DA:42,0
DA:45,0
DA:47,0
LF:22
LH:2
end_of_record
SF:lib\data\datasources\remote\api_interceptors.dart
DA:5,1
DA:7,4
DA:8,1
DA:11,0
DA:13,0
DA:14,0
DA:19,1
DA:21,1
DA:23,1
DA:24,2
DA:26,1
LF:11
LH:8
end_of_record
SF:lib\data\datasources\remote\property_api_client.dart
DA:11,1
DA:12,3
DA:13,4
DA:14,1
DA:15,1
DA:19,1
DA:20,3
DA:25,2
DA:26,1
DA:29,1
DA:31,4
DA:33,0
DA:37,1
DA:38,3
DA:40,2
DA:41,0
DA:43,1
DA:47,1
DA:48,1
DA:49,1
DA:50,1
DA:52,3
DA:53,3
DA:55,1
DA:57,1
DA:58,2
DA:59,2
DA:60,2
DA:61,1
DA:67,1
DA:69,2
DA:70,0
DA:72,2
LF:33
LH:30
end_of_record
SF:lib\data\models\property_model.dart
DA:16,10
DA:27,2
DA:29,2
DA:31,2
DA:41,2
DA:42,2
DA:43,2
DA:44,2
DA:45,2
DA:46,2
DA:47,2
DA:48,2
DA:49,0
LF:13
LH:12
end_of_record
SF:lib\data\models\property_model.g.dart
DA:8,1
DA:9,1
DA:10,2
DA:11,1
DA:12,1
DA:13,2
DA:14,2
DA:15,1
DA:16,1
DA:17,1
DA:20,1
DA:21,1
DA:22,1
DA:23,1
DA:24,1
DA:25,1
DA:26,1
DA:27,1
DA:28,1
DA:29,1
LF:20
LH:20
end_of_record
SF:lib\data\repositories\property_repository.dart
DA:29,1
DA:35,1
DA:38,2
DA:39,1
DA:42,2
DA:44,2
DA:47,1
DA:49,2
DA:50,1
DA:51,1
DA:53,0
DA:57,1
DA:60,2
DA:61,1
DA:63,0
DA:65,0
DA:67,0
DA:71,0
DA:74,0
DA:75,0
DA:77,0
DA:81,1
DA:83,2
LF:23
LH:15
end_of_record
SF:lib\core\utils\result.dart
DA:4,7
DA:6,2
DA:7,2
DA:9,8
DA:10,2
DA:12,3
DA:13,3
DA:14,6
DA:16,2
DA:23,6
DA:28,2
LF:11
LH:11
end_of_record
SF:lib\data\datasources\local\property_database.dart
DA:9,0
DA:10,0
DA:11,0
DA:12,0
DA:13,0
DA:16,0
DA:17,0
DA:18,0
DA:19,0
DA:21,0
DA:24,0
DA:25,0
DA:26,0
DA:27,0
DA:28,0
DA:31,0
DA:32,0
DA:33,0
DA:35,0
DA:40,0
DA:41,0
DA:45,0
DA:46,0
DA:47,0
DA:48,0
DA:50,0
DA:54,0
DA:55,0
DA:56,0
DA:57,0
DA:58,0
DA:62,0
DA:63,0
DA:64,0
DA:67,0
DA:68,0
DA:69,0
LF:37
LH:0
end_of_record
SF:lib\core\performance\performance_monitor.dart
DA:6,6
DA:7,4
DA:8,2
DA:10,2
DA:16,2
DA:17,2
DA:19,1
DA:20,0
DA:21,0
DA:22,0
DA:26,3
DA:29,2
DA:33,2
DA:35,0
LF:14
LH:10
end_of_record
SF:lib\core\theme\app_theme.dart
DA:9,0
DA:10,0
DA:11,0
DA:15,0
DA:18,0
DA:21,0
DA:22,0
DA:27,0
DA:28,0
DA:29,0
DA:30,0
DA:32,0
DA:33,0
DA:34,0
DA:36,0
DA:37,0
DA:38,0
DA:40,0
DA:41,0
DA:42,0
DA:44,0
DA:45,0
DA:46,0
DA:47,0
DA:48,0
DA:51,0
DA:55,0
DA:69,0
DA:70,0
DA:75,0
DA:76,0
DA:77,0
DA:85,1
DA:86,3
DA:89,0
DA:91,1
DA:92,2
DA:93,0
DA:94,0
DA:98,1
DA:99,1
DA:100,2
DA:101,1
LF:43
LH:8
end_of_record
SF:lib\core\utils\filter_persistence_service.dart
DA:9,1
DA:11,1
DA:12,4
DA:15,1
DA:16,2
DA:18,2
LF:6
LH:6
end_of_record
SF:lib\domain\entities\filter_params.dart
DA:9,5
DA:16,4
DA:17,2
DA:18,2
DA:19,2
DA:20,2
DA:23,4
DA:24,2
DA:25,2
DA:26,2
DA:27,2
DA:30,0
DA:31,0
DA:33,1
DA:39,1
DA:40,1
DA:41,1
DA:42,0
DA:43,1
LF:19
LH:16
end_of_record
SF:lib\domain\usecases\get_properties_usecase.dart
DA:9,1
DA:12,1
DA:13,2
LF:3
LH:3
end_of_record
SF:lib\domain\usecases\get_property_details_usecase.dart
DA:9,1
DA:12,1
DA:13,2
LF:3
LH:3
end_of_record
SF:lib\presentation\screens\property_details_screen.dart
DA:10,1
DA:12,1
DA:13,1
DA:17,1
DA:19,1
DA:20,3
DA:21,5
DA:23,2
DA:30,1
DA:32,1
DA:33,1
DA:34,1
DA:35,1
DA:38,1
DA:39,0
DA:41,1
DA:45,1
DA:46,1
DA:47,1
DA:48,1
DA:51,1
DA:52,1
DA:54,1
DA:55,1
DA:56,1
DA:71,1
DA:72,1
DA:73,1
DA:74,1
DA:75,1
DA:76,1
DA:77,1
DA:79,0
DA:85,1
DA:86,1
DA:88,1
DA:90,1
DA:91,1
DA:93,1
DA:94,1
DA:96,1
DA:97,3
DA:98,1
DA:100,1
DA:101,1
DA:102,1
DA:103,2
DA:109,1
DA:110,3
DA:120,1
DA:121,1
DA:125,1
DA:127,1
DA:128,1
DA:129,1
DA:131,1
DA:133,1
DA:134,3
DA:135,1
DA:136,1
DA:146,1
DA:147,1
DA:148,2
DA:162,1
DA:163,1
DA:164,1
DA:165,1
DA:167,1
DA:168,1
LF:69
LH:67
end_of_record
SF:lib\presentation\viewmodels\property_details_viewmodel.dart
DA:10,1
DA:16,2
DA:19,2
DA:22,2
DA:24,1
DA:25,1
DA:26,1
DA:27,1
DA:29,2
DA:30,1
DA:31,1
DA:32,1
DA:33,1
DA:34,1
DA:36,1
DA:37,2
DA:38,1
DA:39,1
DA:44,1
DA:45,1
DA:46,4
DA:47,1
DA:48,2
DA:49,1
LF:24
LH:24
end_of_record
SF:lib\presentation\screens\property_list_screen.dart
DA:13,1
DA:15,1
DA:16,1
DA:22,1
DA:24,1
DA:25,3
DA:27,2
DA:28,0
DA:29,0
DA:38,1
DA:40,2
DA:41,1
DA:44,1
DA:46,1
DA:47,1
DA:51,1
DA:52,1
DA:53,1
DA:54,6
DA:58,1
DA:59,1
DA:61,0
DA:62,0
DA:63,0
DA:66,1
DA:68,2
DA:72,1
DA:73,1
DA:74,1
DA:76,1
DA:77,2
DA:78,1
DA:79,1
DA:81,1
DA:82,2
DA:84,3
DA:89,1
DA:90,1
DA:92,2
DA:93,1
DA:94,3
DA:97,0
DA:98,0
DA:103,1
DA:104,0
DA:111,1
DA:112,1
DA:115,2
DA:117,1
DA:120,1
DA:121,1
DA:123,1
DA:125,1
DA:126,0
DA:127,0
DA:128,0
DA:137,2
DA:138,2
DA:141,2
DA:149,1
DA:150,1
DA:151,1
DA:153,1
DA:154,3
DA:155,1
LF:65
LH:54
end_of_record
SF:lib\presentation\viewmodels\property_list_viewmodel.dart
DA:15,1
DA:18,2
DA:19,2
DA:20,1
DA:23,1
DA:25,2
DA:27,3
DA:28,1
DA:29,1
DA:30,1
DA:31,2
DA:33,0
DA:35,2
DA:37,0
DA:40,1
DA:44,2
DA:45,3
DA:47,3
DA:48,2
DA:52,1
DA:53,1
DA:55,0
DA:56,0
DA:57,0
DA:58,0
DA:59,0
DA:62,1
LF:27
LH:20
end_of_record
SF:lib\presentation\viewmodels\property_list_event.dart
DA:5,16
DA:7,0
DA:8,0
DA:13,14
DA:15,0
DA:16,0
DA:21,3
DA:23,0
DA:24,0
LF:9
LH:3
end_of_record
SF:lib\presentation\viewmodels\property_list_state.dart
DA:6,3
DA:8,1
DA:9,1
DA:18,3
DA:20,1
DA:21,2
DA:26,0
DA:28,0
DA:29,0
LF:9
LH:6
end_of_record
SF:lib\presentation\widgets\property_card.dart
DA:11,2
DA:13,2
DA:15,2
DA:16,10
DA:18,2
DA:20,4
DA:22,2
DA:23,0
DA:24,0
DA:25,0
DA:27,0
DA:28,0
DA:32,2
DA:34,2
DA:35,2
DA:36,2
DA:37,2
DA:39,2
DA:40,4
DA:44,4
DA:46,2
DA:49,0
DA:51,0
DA:56,2
DA:59,2
DA:61,2
DA:62,2
DA:63,2
DA:65,2
DA:66,4
DA:73,2
DA:75,2
DA:77,2
DA:78,2
DA:79,4
DA:80,6
DA:85,2
DA:86,8
DA:87,2
DA:90,4
DA:94,2
DA:95,2
DA:96,8
DA:98,2
DA:111,2
DA:112,2
DA:114,2
DA:115,2
DA:116,2
DA:118,2
DA:120,2
DA:121,2
DA:123,6
LF:53
LH:46
end_of_record
SF:lib\core\utils\image_cache_manager.dart
DA:6,1
DA:12,1
DA:13,1
DA:17,2
DA:19,2
DA:21,0
LF:6
LH:5
end_of_record
